BUILDLOG 05/09/2017_16:33:48.40 
====================== 
********************************************** 
** generate svg for A1fA2B1gB2constrained.xml                            
********************************************** 

C:\Users\John\Documents\ERmodelling_R1\exampleDataModels>set filename=A1fA2B1gB2constrained.xml 

C:\Users\John\Documents\ERmodelling_R1\exampleDataModels>set filenamebase=A1fA2B1gB2constrained 

C:\Users\John\Documents\ERmodelling_R1\exampleDataModels>call C:\Users\John\Documents\ERmodelling_R1\ERModel_v1.3\scripts\\set_path_variables 

C:\Users\John\Documents\ERmodelling_R1\exampleDataModels>SET SAXON_PATH=..\thirdparty\SaxonHE9-7-0-19J 

C:\Users\John\Documents\ERmodelling_R1\exampleDataModels>SET JING_PATH=..\thirdparty\jing-20091111\bin 

C:\Users\John\Documents\ERmodelling_R1\exampleDataModels>SET ERHOME=..\ERmodel_v1.3 

C:\Users\John\Documents\ERmodelling_R1\exampleDataModels>echo ERHOME ..\ERmodel_v1.3 
ERHOME ..\ERmodel_v1.3

C:\Users\John\Documents\ERmodelling_R1\exampleDataModels>java -jar ..\thirdparty\SaxonHE9-7-0-19J\saxon9he.jar -s:A1fA2B1gB2constrained.xml -xsl:..\ERmodel_v1.3\xslt\ERmodel2.svg.xslt -o:docs\A1fA2B1gB2constrained.svg filestem=A1fA2B1gB2constrained 
 changed in initial enrichment recursive
 changed in initial enrichment recursive
 changed in initial enrichment recursive
 changed in initial enrichment recursive
 changed in initial enrichment recursive
 unchanged fixed point of initial enrichment recursive 
acting filestem is A1fA2B1gB2constrained
 level Number is 1
 level Number is 1
 level Number is 1
 level Number is 1
********************************************** 
** generate svg for A1fA2B1gB2inContextUnconstrained.xml                            
********************************************** 

C:\Users\John\Documents\ERmodelling_R1\exampleDataModels>set filename=A1fA2B1gB2inContextUnconstrained.xml 

C:\Users\John\Documents\ERmodelling_R1\exampleDataModels>set filenamebase=A1fA2B1gB2inContextUnconstrained 

C:\Users\John\Documents\ERmodelling_R1\exampleDataModels>call C:\Users\John\Documents\ERmodelling_R1\ERModel_v1.3\scripts\\set_path_variables 

C:\Users\John\Documents\ERmodelling_R1\exampleDataModels>SET SAXON_PATH=..\thirdparty\SaxonHE9-7-0-19J 

C:\Users\John\Documents\ERmodelling_R1\exampleDataModels>SET JING_PATH=..\thirdparty\jing-20091111\bin 

C:\Users\John\Documents\ERmodelling_R1\exampleDataModels>SET ERHOME=..\ERmodel_v1.3 

C:\Users\John\Documents\ERmodelling_R1\exampleDataModels>echo ERHOME ..\ERmodel_v1.3 
ERHOME ..\ERmodel_v1.3

C:\Users\John\Documents\ERmodelling_R1\exampleDataModels>java -jar ..\thirdparty\SaxonHE9-7-0-19J\saxon9he.jar -s:A1fA2B1gB2inContextUnconstrained.xml -xsl:..\ERmodel_v1.3\xslt\ERmodel2.svg.xslt -o:docs\A1fA2B1gB2inContextUnconstrained.svg filestem=A1fA2B1gB2inContextUnconstrained 
 changed in initial enrichment recursive
 changed in initial enrichment recursive
 changed in initial enrichment recursive
 changed in initial enrichment recursive
 changed in initial enrichment recursive
 unchanged fixed point of initial enrichment recursive 
acting filestem is A1fA2B1gB2inContextUnconstrained
 level Number is 1
 level Number is 1
 level Number is 2
 level Number is 2
 level Number is 1
 level Number is 1
********************************************** 
** generate svg for A1fA2B1gB2unconstrained.xml                            
********************************************** 

C:\Users\John\Documents\ERmodelling_R1\exampleDataModels>set filename=A1fA2B1gB2unconstrained.xml 

C:\Users\John\Documents\ERmodelling_R1\exampleDataModels>set filenamebase=A1fA2B1gB2unconstrained 

C:\Users\John\Documents\ERmodelling_R1\exampleDataModels>call C:\Users\John\Documents\ERmodelling_R1\ERModel_v1.3\scripts\\set_path_variables 

C:\Users\John\Documents\ERmodelling_R1\exampleDataModels>SET SAXON_PATH=..\thirdparty\SaxonHE9-7-0-19J 

C:\Users\John\Documents\ERmodelling_R1\exampleDataModels>SET JING_PATH=..\thirdparty\jing-20091111\bin 

C:\Users\John\Documents\ERmodelling_R1\exampleDataModels>SET ERHOME=..\ERmodel_v1.3 

C:\Users\John\Documents\ERmodelling_R1\exampleDataModels>echo ERHOME ..\ERmodel_v1.3 
ERHOME ..\ERmodel_v1.3

C:\Users\John\Documents\ERmodelling_R1\exampleDataModels>java -jar ..\thirdparty\SaxonHE9-7-0-19J\saxon9he.jar -s:A1fA2B1gB2unconstrained.xml -xsl:..\ERmodel_v1.3\xslt\ERmodel2.svg.xslt -o:docs\A1fA2B1gB2unconstrained.svg filestem=A1fA2B1gB2unconstrained 
 changed in initial enrichment recursive
 changed in initial enrichment recursive
 unchanged fixed point of initial enrichment recursive 
acting filestem is A1fA2B1gB2unconstrained
 level Number is 1
 level Number is 1
 level Number is 1
 level Number is 1
********************************************** 
** generate svg for ABCD.xml                            
********************************************** 

C:\Users\John\Documents\ERmodelling_R1\exampleDataModels>set filename=ABCD.xml 

C:\Users\John\Documents\ERmodelling_R1\exampleDataModels>set filenamebase=ABCD 

C:\Users\John\Documents\ERmodelling_R1\exampleDataModels>call C:\Users\John\Documents\ERmodelling_R1\ERModel_v1.3\scripts\\set_path_variables 

C:\Users\John\Documents\ERmodelling_R1\exampleDataModels>SET SAXON_PATH=..\thirdparty\SaxonHE9-7-0-19J 

C:\Users\John\Documents\ERmodelling_R1\exampleDataModels>SET JING_PATH=..\thirdparty\jing-20091111\bin 

C:\Users\John\Documents\ERmodelling_R1\exampleDataModels>SET ERHOME=..\ERmodel_v1.3 

C:\Users\John\Documents\ERmodelling_R1\exampleDataModels>echo ERHOME ..\ERmodel_v1.3 
ERHOME ..\ERmodel_v1.3

C:\Users\John\Documents\ERmodelling_R1\exampleDataModels>java -jar ..\thirdparty\SaxonHE9-7-0-19J\saxon9he.jar -s:ABCD.xml -xsl:..\ERmodel_v1.3\xslt\ERmodel2.svg.xslt -o:docs\ABCD.svg filestem=ABCD 
 changed in initial enrichment recursive
 changed in initial enrichment recursive
 changed in initial enrichment recursive
 changed in initial enrichment recursive
 changed in initial enrichment recursive
 unchanged fixed point of initial enrichment recursive 
 deltaw is 1.0
 deltaw is 1.0
 deltaw is 1.0
acting filestem is ABCD
 level Number is 1
 level Number is 1
 level Number is 1
 level Number is 1
 level Number is 1
 level Number is 1
********************************************** 
** generate svg for AX1X2BCD.xml                            
********************************************** 

C:\Users\John\Documents\ERmodelling_R1\exampleDataModels>set filename=AX1X2BCD.xml 

C:\Users\John\Documents\ERmodelling_R1\exampleDataModels>set filenamebase=AX1X2BCD 

C:\Users\John\Documents\ERmodelling_R1\exampleDataModels>call C:\Users\John\Documents\ERmodelling_R1\ERModel_v1.3\scripts\\set_path_variables 

C:\Users\John\Documents\ERmodelling_R1\exampleDataModels>SET SAXON_PATH=..\thirdparty\SaxonHE9-7-0-19J 

C:\Users\John\Documents\ERmodelling_R1\exampleDataModels>SET JING_PATH=..\thirdparty\jing-20091111\bin 

C:\Users\John\Documents\ERmodelling_R1\exampleDataModels>SET ERHOME=..\ERmodel_v1.3 

C:\Users\John\Documents\ERmodelling_R1\exampleDataModels>echo ERHOME ..\ERmodel_v1.3 
ERHOME ..\ERmodel_v1.3

C:\Users\John\Documents\ERmodelling_R1\exampleDataModels>java -jar ..\thirdparty\SaxonHE9-7-0-19J\saxon9he.jar -s:AX1X2BCD.xml -xsl:..\ERmodel_v1.3\xslt\ERmodel2.svg.xslt -o:docs\AX1X2BCD.svg filestem=AX1X2BCD 
 changed in initial enrichment recursive
 changed in initial enrichment recursive
 changed in initial enrichment recursive
 changed in initial enrichment recursive
 changed in initial enrichment recursive
 changed in initial enrichment recursive
 changed in initial enrichment recursive
 unchanged fixed point of initial enrichment recursive 
acting filestem is AX1X2BCD
 level Number is 1
 level Number is 1
 level Number is 2
 level Number is 2
 level Number is 2
 level Number is 2
 level Number is 3
 level Number is 3
 level Number is 3
********************************************** 
** generate svg for AXBCD.xml                            
********************************************** 

C:\Users\John\Documents\ERmodelling_R1\exampleDataModels>set filename=AXBCD.xml 

C:\Users\John\Documents\ERmodelling_R1\exampleDataModels>set filenamebase=AXBCD 

C:\Users\John\Documents\ERmodelling_R1\exampleDataModels>call C:\Users\John\Documents\ERmodelling_R1\ERModel_v1.3\scripts\\set_path_variables 

C:\Users\John\Documents\ERmodelling_R1\exampleDataModels>SET SAXON_PATH=..\thirdparty\SaxonHE9-7-0-19J 

C:\Users\John\Documents\ERmodelling_R1\exampleDataModels>SET JING_PATH=..\thirdparty\jing-20091111\bin 

C:\Users\John\Documents\ERmodelling_R1\exampleDataModels>SET ERHOME=..\ERmodel_v1.3 

C:\Users\John\Documents\ERmodelling_R1\exampleDataModels>echo ERHOME ..\ERmodel_v1.3 
ERHOME ..\ERmodel_v1.3

C:\Users\John\Documents\ERmodelling_R1\exampleDataModels>java -jar ..\thirdparty\SaxonHE9-7-0-19J\saxon9he.jar -s:AXBCD.xml -xsl:..\ERmodel_v1.3\xslt\ERmodel2.svg.xslt -o:docs\AXBCD.svg filestem=AXBCD 
 changed in initial enrichment recursive
 changed in initial enrichment recursive
 changed in initial enrichment recursive
 changed in initial enrichment recursive
 changed in initial enrichment recursive
 unchanged fixed point of initial enrichment recursive 
acting filestem is AXBCD
 level Number is 1
 level Number is 1
 level Number is 2
 level Number is 2
 level Number is 2
 level Number is 3
 level Number is 3
 level Number is 3
********************************************** 
** generate svg for AXBCDseqno.xml                            
********************************************** 

C:\Users\John\Documents\ERmodelling_R1\exampleDataModels>set filename=AXBCDseqno.xml 

C:\Users\John\Documents\ERmodelling_R1\exampleDataModels>set filenamebase=AXBCDseqno 

C:\Users\John\Documents\ERmodelling_R1\exampleDataModels>call C:\Users\John\Documents\ERmodelling_R1\ERModel_v1.3\scripts\\set_path_variables 

C:\Users\John\Documents\ERmodelling_R1\exampleDataModels>SET SAXON_PATH=..\thirdparty\SaxonHE9-7-0-19J 

C:\Users\John\Documents\ERmodelling_R1\exampleDataModels>SET JING_PATH=..\thirdparty\jing-20091111\bin 

C:\Users\John\Documents\ERmodelling_R1\exampleDataModels>SET ERHOME=..\ERmodel_v1.3 

C:\Users\John\Documents\ERmodelling_R1\exampleDataModels>echo ERHOME ..\ERmodel_v1.3 
ERHOME ..\ERmodel_v1.3

C:\Users\John\Documents\ERmodelling_R1\exampleDataModels>java -jar ..\thirdparty\SaxonHE9-7-0-19J\saxon9he.jar -s:AXBCDseqno.xml -xsl:..\ERmodel_v1.3\xslt\ERmodel2.svg.xslt -o:docs\AXBCDseqno.svg filestem=AXBCDseqno 
 changed in initial enrichment recursive
 changed in initial enrichment recursive
 changed in initial enrichment recursive
 changed in initial enrichment recursive
 changed in initial enrichment recursive
 unchanged fixed point of initial enrichment recursive 
acting filestem is AXBCDseqno
 level Number is 1
 level Number is 1
 level Number is 2
 level Number is 2
 level Number is 2
 level Number is 3
 level Number is 3
 level Number is 3
********************************************** 
** generate svg for AYBCD.xml                            
********************************************** 

C:\Users\John\Documents\ERmodelling_R1\exampleDataModels>set filename=AYBCD.xml 

C:\Users\John\Documents\ERmodelling_R1\exampleDataModels>set filenamebase=AYBCD 

C:\Users\John\Documents\ERmodelling_R1\exampleDataModels>call C:\Users\John\Documents\ERmodelling_R1\ERModel_v1.3\scripts\\set_path_variables 

C:\Users\John\Documents\ERmodelling_R1\exampleDataModels>SET SAXON_PATH=..\thirdparty\SaxonHE9-7-0-19J 

C:\Users\John\Documents\ERmodelling_R1\exampleDataModels>SET JING_PATH=..\thirdparty\jing-20091111\bin 

C:\Users\John\Documents\ERmodelling_R1\exampleDataModels>SET ERHOME=..\ERmodel_v1.3 

C:\Users\John\Documents\ERmodelling_R1\exampleDataModels>echo ERHOME ..\ERmodel_v1.3 
ERHOME ..\ERmodel_v1.3

C:\Users\John\Documents\ERmodelling_R1\exampleDataModels>java -jar ..\thirdparty\SaxonHE9-7-0-19J\saxon9he.jar -s:AYBCD.xml -xsl:..\ERmodel_v1.3\xslt\ERmodel2.svg.xslt -o:docs\AYBCD.svg filestem=AYBCD 
 changed in initial enrichment recursive
 changed in initial enrichment recursive
 changed in initial enrichment recursive
 changed in initial enrichment recursive
 changed in initial enrichment recursive
 unchanged fixed point of initial enrichment recursive 
acting filestem is AYBCD
 level Number is 1
 level Number is 1
 level Number is 2
 level Number is 2
 level Number is 2
 level Number is 3
 level Number is 3
 level Number is 3
********************************************** 
** generate svg for AYBCDseqno.xml                            
********************************************** 

C:\Users\John\Documents\ERmodelling_R1\exampleDataModels>set filename=AYBCDseqno.xml 

C:\Users\John\Documents\ERmodelling_R1\exampleDataModels>set filenamebase=AYBCDseqno 

C:\Users\John\Documents\ERmodelling_R1\exampleDataModels>call C:\Users\John\Documents\ERmodelling_R1\ERModel_v1.3\scripts\\set_path_variables 

C:\Users\John\Documents\ERmodelling_R1\exampleDataModels>SET SAXON_PATH=..\thirdparty\SaxonHE9-7-0-19J 

C:\Users\John\Documents\ERmodelling_R1\exampleDataModels>SET JING_PATH=..\thirdparty\jing-20091111\bin 

C:\Users\John\Documents\ERmodelling_R1\exampleDataModels>SET ERHOME=..\ERmodel_v1.3 

C:\Users\John\Documents\ERmodelling_R1\exampleDataModels>echo ERHOME ..\ERmodel_v1.3 
ERHOME ..\ERmodel_v1.3

C:\Users\John\Documents\ERmodelling_R1\exampleDataModels>java -jar ..\thirdparty\SaxonHE9-7-0-19J\saxon9he.jar -s:AYBCDseqno.xml -xsl:..\ERmodel_v1.3\xslt\ERmodel2.svg.xslt -o:docs\AYBCDseqno.svg filestem=AYBCDseqno 
 changed in initial enrichment recursive
 changed in initial enrichment recursive
 changed in initial enrichment recursive
 changed in initial enrichment recursive
 changed in initial enrichment recursive
 unchanged fixed point of initial enrichment recursive 
acting filestem is AYBCDseqno
 level Number is 1
 level Number is 1
 level Number is 2
 level Number is 2
 level Number is 2
 level Number is 3
 level Number is 3
 level Number is 3
********************************************** 
** generate svg for codeTest.xml                            
********************************************** 

C:\Users\John\Documents\ERmodelling_R1\exampleDataModels>set filename=codeTest.xml 

C:\Users\John\Documents\ERmodelling_R1\exampleDataModels>set filenamebase=codeTest 

C:\Users\John\Documents\ERmodelling_R1\exampleDataModels>call C:\Users\John\Documents\ERmodelling_R1\ERModel_v1.3\scripts\\set_path_variables 

C:\Users\John\Documents\ERmodelling_R1\exampleDataModels>SET SAXON_PATH=..\thirdparty\SaxonHE9-7-0-19J 

C:\Users\John\Documents\ERmodelling_R1\exampleDataModels>SET JING_PATH=..\thirdparty\jing-20091111\bin 

C:\Users\John\Documents\ERmodelling_R1\exampleDataModels>SET ERHOME=..\ERmodel_v1.3 

C:\Users\John\Documents\ERmodelling_R1\exampleDataModels>echo ERHOME ..\ERmodel_v1.3 
ERHOME ..\ERmodel_v1.3

C:\Users\John\Documents\ERmodelling_R1\exampleDataModels>java -jar ..\thirdparty\SaxonHE9-7-0-19J\saxon9he.jar -s:codeTest.xml -xsl:..\ERmodel_v1.3\xslt\ERmodel2.svg.xslt -o:docs\codeTest.svg filestem=codeTest 
 changed in initial enrichment recursive
 changed in initial enrichment recursive
 changed in initial enrichment recursive
 changed in initial enrichment recursive
 changed in initial enrichment recursive
 unchanged fixed point of initial enrichment recursive 
acting filestem is codeTest
 level Number is 1
 level Number is 2
 level Number is 2
 level Number is 3
 level Number is 3
 level Number is 1
 level Number is 2
 level Number is 2
 level Number is 2
 level Number is 2
********************************************** 
** generate svg for codeTest2.xml                            
********************************************** 

C:\Users\John\Documents\ERmodelling_R1\exampleDataModels>set filename=codeTest2.xml 

C:\Users\John\Documents\ERmodelling_R1\exampleDataModels>set filenamebase=codeTest2 

C:\Users\John\Documents\ERmodelling_R1\exampleDataModels>call C:\Users\John\Documents\ERmodelling_R1\ERModel_v1.3\scripts\\set_path_variables 

C:\Users\John\Documents\ERmodelling_R1\exampleDataModels>SET SAXON_PATH=..\thirdparty\SaxonHE9-7-0-19J 

C:\Users\John\Documents\ERmodelling_R1\exampleDataModels>SET JING_PATH=..\thirdparty\jing-20091111\bin 

C:\Users\John\Documents\ERmodelling_R1\exampleDataModels>SET ERHOME=..\ERmodel_v1.3 

C:\Users\John\Documents\ERmodelling_R1\exampleDataModels>echo ERHOME ..\ERmodel_v1.3 
ERHOME ..\ERmodel_v1.3

C:\Users\John\Documents\ERmodelling_R1\exampleDataModels>java -jar ..\thirdparty\SaxonHE9-7-0-19J\saxon9he.jar -s:codeTest2.xml -xsl:..\ERmodel_v1.3\xslt\ERmodel2.svg.xslt -o:docs\codeTest2.svg filestem=codeTest2 
 changed in initial enrichment recursive
 changed in initial enrichment recursive
 changed in initial enrichment recursive
 changed in initial enrichment recursive
 changed in initial enrichment recursive
 unchanged fixed point of initial enrichment recursive 
 deltaw is 2.0
 deltaw is 2.0
 deltaw is 2.0
acting filestem is codeTest2
 level Number is 1
 level Number is 2
 level Number is 2
 level Number is 2
 level Number is 2
 level Number is 1
 level Number is 2
 level Number is 2
 level Number is 2
 level Number is 2
********************************************** 
** generate svg for grids.xml                            
********************************************** 

C:\Users\John\Documents\ERmodelling_R1\exampleDataModels>set filename=grids.xml 

C:\Users\John\Documents\ERmodelling_R1\exampleDataModels>set filenamebase=grids 

C:\Users\John\Documents\ERmodelling_R1\exampleDataModels>call C:\Users\John\Documents\ERmodelling_R1\ERModel_v1.3\scripts\\set_path_variables 

C:\Users\John\Documents\ERmodelling_R1\exampleDataModels>SET SAXON_PATH=..\thirdparty\SaxonHE9-7-0-19J 

C:\Users\John\Documents\ERmodelling_R1\exampleDataModels>SET JING_PATH=..\thirdparty\jing-20091111\bin 

C:\Users\John\Documents\ERmodelling_R1\exampleDataModels>SET ERHOME=..\ERmodel_v1.3 

C:\Users\John\Documents\ERmodelling_R1\exampleDataModels>echo ERHOME ..\ERmodel_v1.3 
ERHOME ..\ERmodel_v1.3

C:\Users\John\Documents\ERmodelling_R1\exampleDataModels>java -jar ..\thirdparty\SaxonHE9-7-0-19J\saxon9he.jar -s:grids.xml -xsl:..\ERmodel_v1.3\xslt\ERmodel2.svg.xslt -o:docs\grids.svg filestem=grids 
 changed in initial enrichment recursive
 changed in initial enrichment recursive
 changed in initial enrichment recursive
 changed in initial enrichment recursive
 changed in initial enrichment recursive
 unchanged fixed point of initial enrichment recursive 
 deltaw is 0.5
 deltaw is 0.5
 deltaw is 0.5
acting filestem is grids
 level Number is 1
 level Number is 1
 level Number is 2
 level Number is 2
 level Number is 1
 level Number is 1
 level Number is 2
 level Number is 2
********************************************** 
** generate svg for identifyingRiser.xml                            
********************************************** 

C:\Users\John\Documents\ERmodelling_R1\exampleDataModels>set filename=identifyingRiser.xml 

C:\Users\John\Documents\ERmodelling_R1\exampleDataModels>set filenamebase=identifyingRiser 

C:\Users\John\Documents\ERmodelling_R1\exampleDataModels>call C:\Users\John\Documents\ERmodelling_R1\ERModel_v1.3\scripts\\set_path_variables 

C:\Users\John\Documents\ERmodelling_R1\exampleDataModels>SET SAXON_PATH=..\thirdparty\SaxonHE9-7-0-19J 

C:\Users\John\Documents\ERmodelling_R1\exampleDataModels>SET JING_PATH=..\thirdparty\jing-20091111\bin 

C:\Users\John\Documents\ERmodelling_R1\exampleDataModels>SET ERHOME=..\ERmodel_v1.3 

C:\Users\John\Documents\ERmodelling_R1\exampleDataModels>echo ERHOME ..\ERmodel_v1.3 
ERHOME ..\ERmodel_v1.3

C:\Users\John\Documents\ERmodelling_R1\exampleDataModels>java -jar ..\thirdparty\SaxonHE9-7-0-19J\saxon9he.jar -s:identifyingRiser.xml -xsl:..\ERmodel_v1.3\xslt\ERmodel2.svg.xslt -o:docs\identifyingRiser.svg filestem=identifyingRiser 
 changed in initial enrichment recursive
 changed in initial enrichment recursive
 changed in initial enrichment recursive
 changed in initial enrichment recursive
 changed in initial enrichment recursive
 unchanged fixed point of initial enrichment recursive 
acting filestem is identifyingRiser
 level Number is 1
 level Number is 1
 level Number is 1
 level Number is 1
 level Number is 1
********************************************** 
** generate svg for navigationRelationshipInheritanceTest.xml                            
********************************************** 

C:\Users\John\Documents\ERmodelling_R1\exampleDataModels>set filename=navigationRelationshipInheritanceTest.xml 

C:\Users\John\Documents\ERmodelling_R1\exampleDataModels>set filenamebase=navigationRelationshipInheritanceTest 

C:\Users\John\Documents\ERmodelling_R1\exampleDataModels>call C:\Users\John\Documents\ERmodelling_R1\ERModel_v1.3\scripts\\set_path_variables 

C:\Users\John\Documents\ERmodelling_R1\exampleDataModels>SET SAXON_PATH=..\thirdparty\SaxonHE9-7-0-19J 

C:\Users\John\Documents\ERmodelling_R1\exampleDataModels>SET JING_PATH=..\thirdparty\jing-20091111\bin 

C:\Users\John\Documents\ERmodelling_R1\exampleDataModels>SET ERHOME=..\ERmodel_v1.3 

C:\Users\John\Documents\ERmodelling_R1\exampleDataModels>echo ERHOME ..\ERmodel_v1.3 
ERHOME ..\ERmodel_v1.3

C:\Users\John\Documents\ERmodelling_R1\exampleDataModels>java -jar ..\thirdparty\SaxonHE9-7-0-19J\saxon9he.jar -s:navigationRelationshipInheritanceTest.xml -xsl:..\ERmodel_v1.3\xslt\ERmodel2.svg.xslt -o:docs\navigationRelationshipInheritanceTest.svg filestem=navigationRelationshipInheritanceTest 
 changed in initial enrichment recursive
 changed in initial enrichment recursive
 changed in initial enrichment recursive
 changed in initial enrichment recursive
 changed in initial enrichment recursive
 changed in initial enrichment recursive
 changed in initial enrichment recursive
 unchanged fixed point of initial enrichment recursive 
acting filestem is navigationRelationshipInheritanceTest
 level Number is 1
 level Number is 1
 level Number is 2
 level Number is 1
 level Number is 1
 level Number is 2
 level Number is 1
 level Number is 2
 level Number is 1
 level Number is 2
********************************************** 
** generate svg for nonIdentifyingRiser.xml                            
********************************************** 

C:\Users\John\Documents\ERmodelling_R1\exampleDataModels>set filename=nonIdentifyingRiser.xml 

C:\Users\John\Documents\ERmodelling_R1\exampleDataModels>set filenamebase=nonIdentifyingRiser 

C:\Users\John\Documents\ERmodelling_R1\exampleDataModels>call C:\Users\John\Documents\ERmodelling_R1\ERModel_v1.3\scripts\\set_path_variables 

C:\Users\John\Documents\ERmodelling_R1\exampleDataModels>SET SAXON_PATH=..\thirdparty\SaxonHE9-7-0-19J 

C:\Users\John\Documents\ERmodelling_R1\exampleDataModels>SET JING_PATH=..\thirdparty\jing-20091111\bin 

C:\Users\John\Documents\ERmodelling_R1\exampleDataModels>SET ERHOME=..\ERmodel_v1.3 

C:\Users\John\Documents\ERmodelling_R1\exampleDataModels>echo ERHOME ..\ERmodel_v1.3 
ERHOME ..\ERmodel_v1.3

C:\Users\John\Documents\ERmodelling_R1\exampleDataModels>java -jar ..\thirdparty\SaxonHE9-7-0-19J\saxon9he.jar -s:nonIdentifyingRiser.xml -xsl:..\ERmodel_v1.3\xslt\ERmodel2.svg.xslt -o:docs\nonIdentifyingRiser.svg filestem=nonIdentifyingRiser 
 changed in initial enrichment recursive
 changed in initial enrichment recursive
 changed in initial enrichment recursive
 changed in initial enrichment recursive
 changed in initial enrichment recursive
 unchanged fixed point of initial enrichment recursive 
acting filestem is nonIdentifyingRiser
 level Number is 1
 level Number is 1
 level Number is 1
 level Number is 1
 level Number is 1
********************************************** 
** generate svg for relationalMetaModel3.xml                            
********************************************** 

C:\Users\John\Documents\ERmodelling_R1\exampleDataModels>set filename=relationalMetaModel3.xml 

C:\Users\John\Documents\ERmodelling_R1\exampleDataModels>set filenamebase=relationalMetaModel3 

C:\Users\John\Documents\ERmodelling_R1\exampleDataModels>call C:\Users\John\Documents\ERmodelling_R1\ERModel_v1.3\scripts\\set_path_variables 

C:\Users\John\Documents\ERmodelling_R1\exampleDataModels>SET SAXON_PATH=..\thirdparty\SaxonHE9-7-0-19J 

C:\Users\John\Documents\ERmodelling_R1\exampleDataModels>SET JING_PATH=..\thirdparty\jing-20091111\bin 

C:\Users\John\Documents\ERmodelling_R1\exampleDataModels>SET ERHOME=..\ERmodel_v1.3 

C:\Users\John\Documents\ERmodelling_R1\exampleDataModels>echo ERHOME ..\ERmodel_v1.3 
ERHOME ..\ERmodel_v1.3

C:\Users\John\Documents\ERmodelling_R1\exampleDataModels>java -jar ..\thirdparty\SaxonHE9-7-0-19J\saxon9he.jar -s:relationalMetaModel3.xml -xsl:..\ERmodel_v1.3\xslt\ERmodel2.svg.xslt -o:docs\relationalMetaModel3.svg filestem=relationalMetaModel3 
 changed in initial enrichment recursive
 changed in initial enrichment recursive
 changed in initial enrichment recursive
 changed in initial enrichment recursive
 changed in initial enrichment recursive
 unchanged fixed point of initial enrichment recursive 
 deltaw is 1.0
 deltaw is 1.0
 deltaw is 1.0
acting filestem is relationalMetaModel3
 level Number is 1
 level Number is 1
 level Number is 2
 level Number is 2
 level Number is 2
 level Number is 1
********************************************** 
** generate svg for tableA.xml                            
********************************************** 

C:\Users\John\Documents\ERmodelling_R1\exampleDataModels>set filename=tableA.xml 

C:\Users\John\Documents\ERmodelling_R1\exampleDataModels>set filenamebase=tableA 

C:\Users\John\Documents\ERmodelling_R1\exampleDataModels>call C:\Users\John\Documents\ERmodelling_R1\ERModel_v1.3\scripts\\set_path_variables 

C:\Users\John\Documents\ERmodelling_R1\exampleDataModels>SET SAXON_PATH=..\thirdparty\SaxonHE9-7-0-19J 

C:\Users\John\Documents\ERmodelling_R1\exampleDataModels>SET JING_PATH=..\thirdparty\jing-20091111\bin 

C:\Users\John\Documents\ERmodelling_R1\exampleDataModels>SET ERHOME=..\ERmodel_v1.3 

C:\Users\John\Documents\ERmodelling_R1\exampleDataModels>echo ERHOME ..\ERmodel_v1.3 
ERHOME ..\ERmodel_v1.3

C:\Users\John\Documents\ERmodelling_R1\exampleDataModels>java -jar ..\thirdparty\SaxonHE9-7-0-19J\saxon9he.jar -s:tableA.xml -xsl:..\ERmodel_v1.3\xslt\ERmodel2.svg.xslt -o:docs\tableA.svg filestem=tableA 
 unchanged fixed point of initial enrichment recursive 
 deltaw is 0.2
 deltaw is 0.2
acting filestem is tableA
 level Number is 1
 level Number is 1
 level Number is 2
 level Number is 2
 level Number is 1
********************************************** 
** generate svg for tableB.xml                            
********************************************** 

C:\Users\John\Documents\ERmodelling_R1\exampleDataModels>set filename=tableB.xml 

C:\Users\John\Documents\ERmodelling_R1\exampleDataModels>set filenamebase=tableB 

C:\Users\John\Documents\ERmodelling_R1\exampleDataModels>call C:\Users\John\Documents\ERmodelling_R1\ERModel_v1.3\scripts\\set_path_variables 

C:\Users\John\Documents\ERmodelling_R1\exampleDataModels>SET SAXON_PATH=..\thirdparty\SaxonHE9-7-0-19J 

C:\Users\John\Documents\ERmodelling_R1\exampleDataModels>SET JING_PATH=..\thirdparty\jing-20091111\bin 

C:\Users\John\Documents\ERmodelling_R1\exampleDataModels>SET ERHOME=..\ERmodel_v1.3 

C:\Users\John\Documents\ERmodelling_R1\exampleDataModels>echo ERHOME ..\ERmodel_v1.3 
ERHOME ..\ERmodel_v1.3

C:\Users\John\Documents\ERmodelling_R1\exampleDataModels>java -jar ..\thirdparty\SaxonHE9-7-0-19J\saxon9he.jar -s:tableB.xml -xsl:..\ERmodel_v1.3\xslt\ERmodel2.svg.xslt -o:docs\tableB.svg filestem=tableB 
 unchanged fixed point of initial enrichment recursive 
 deltaw is 0.2
 deltaw is 0.2
acting filestem is tableB
 level Number is 1
 level Number is 1
 level Number is 2
 level Number is 2
 level Number is 1
